{
  "RSpec": {
    "coverage": {
      "/app/spec/models/user_spec.rb": {
        "lines": [
          1,
          null,
          1,
          2,
          null,
          2,
          null,
          2,
          null,
          2,
          null
        ]
      },
      "/app/spec/rails_helper.rb": {
        "lines": [
          1,
          1,
          1,
          null,
          1,
          1,
          1,
          1,
          1,
          null,
          1,
          1,
          null,
          1,
          null,
          0,
          0,
          null,
          1,
          1,
          null,
          1,
          null,
          null,
          1,
          null,
          1,
          1,
          1,
          1,
          null,
          null,
          null
        ]
      },
      "/app/config/environment.rb": {
        "lines": [
          null,
          1,
          null,
          null,
          1
        ]
      },
      "/app/config/application.rb": {
        "lines": [
          1,
          null,
          1,
          null,
          1,
          1,
          1,
          1,
          1,
          1,
          1,
          1,
          1,
          1,
          null,
          1,
          null,
          null,
          null,
          1,
          null,
          1,
          1,
          null,
          1,
          null,
          null,
          null,
          null,
          null,
          null,
          null,
          null,
          null,
          1,
          1,
          1,
          null,
          null,
          null
        ]
      },
      "/app/config/boot.rb": {
        "lines": [
          1,
          null,
          1,
          1
        ]
      },
      "/app/config/environments/test.rb": {
        "lines": [
          null,
          null,
          null,
          null,
          null,
          1,
          null,
          null,
          1,
          null,
          null,
          null,
          null,
          1,
          null,
          null,
          1,
          1,
          null,
          null,
          null,
          null,
          1,
          1,
          1,
          null,
          null,
          1,
          null,
          null,
          1,
          null,
          null,
          1,
          null,
          1,
          null,
          null,
          null,
          null,
          1,
          null,
          null,
          1,
          null,
          null,
          null,
          null
        ]
      },
      "/app/config/initializers/application_controller_renderer.rb": {
        "lines": [
          null,
          null,
          null,
          null,
          null,
          null,
          null,
          null
        ]
      },
      "/app/config/initializers/backtrace_silencers.rb": {
        "lines": [
          null,
          null,
          null,
          null,
          null,
          null,
          null
        ]
      },
      "/app/config/initializers/cors.rb": {
        "lines": [
          null,
          null,
          null,
          null,
          null,
          null,
          null,
          1,
          1,
          1,
          null,
          1,
          null,
          null,
          null,
          null
        ]
      },
      "/app/config/initializers/filter_parameter_logging.rb": {
        "lines": [
          null,
          null,
          null,
          1
        ]
      },
      "/app/config/initializers/inflections.rb": {
        "lines": [
          null,
          null,
          null,
          null,
          null,
          null,
          null,
          null,
          null,
          null,
          null,
          null,
          null,
          null,
          null,
          null
        ]
      },
      "/app/config/initializers/mime_types.rb": {
        "lines": [
          null,
          null,
          null,
          null
        ]
      },
      "/app/config/initializers/rpc_servers/rpc_servers_initializer.rb": {
        "lines": [
          1,
          1,
          1,
          null,
          null
        ]
      },
      "/app/config/initializers/wrap_parameters.rb": {
        "lines": [
          null,
          null,
          null,
          null,
          null,
          null,
          1,
          1,
          null,
          null,
          null,
          null,
          null,
          null
        ]
      },
      "/app/spec/factories/users.rb": {
        "lines": [
          1,
          1,
          1,
          4,
          4,
          null,
          1,
          1,
          null,
          null,
          1,
          1,
          null,
          null,
          1,
          1,
          null,
          null,
          null
        ]
      },
      "/app/app/rpc_server/auth_provider_server.rb": {
        "lines": [
          1,
          null,
          1,
          1,
          1,
          null,
          1,
          1,
          1,
          1,
          null,
          null,
          1,
          1,
          1,
          1,
          null,
          null,
          1,
          0,
          0,
          null,
          null,
          1,
          1,
          0,
          0,
          null,
          null,
          null,
          null,
          null,
          null,
          null
        ]
      },
      "/app/config/routes.rb": {
        "lines": [
          1,
          1,
          1,
          null,
          null,
          null
        ]
      },
      "/app/app/helpers/auth/json_web_token_helper.rb": {
        "lines": [
          1,
          1,
          1,
          null,
          1,
          0,
          0,
          0,
          0,
          null,
          null,
          1,
          0,
          0,
          null,
          null,
          1,
          0,
          null,
          null,
          1,
          0,
          0,
          null,
          0,
          0,
          0,
          null,
          0,
          null,
          null,
          null,
          1,
          0,
          0,
          null,
          0,
          null,
          0,
          0,
          0,
          null,
          null,
          null,
          1,
          0,
          0,
          null,
          null,
          1,
          0,
          null,
          null,
          null
        ]
      },
      "/app/spec/support/factory_bot.rb": {
        "lines": [
          1,
          1,
          null
        ]
      },
      "/app/spec/support/json_response_helper.rb": {
        "lines": [
          1,
          1,
          0,
          null,
          null,
          1,
          0,
          null,
          null
        ]
      },
      "/app/app/models/user.rb": {
        "lines": [
          1,
          1,
          1,
          1,
          null,
          null
        ]
      },
      "/app/app/models/application_record.rb": {
        "lines": [
          1,
          1,
          null
        ]
      },
      "/app/spec/services/do_login_service_spec.rb": {
        "lines": [
          1,
          null,
          1,
          1,
          4,
          null,
          1,
          4,
          null,
          1,
          null,
          1,
          0,
          0,
          null,
          null,
          1,
          0,
          0,
          null,
          0,
          null,
          null,
          null,
          null,
          null,
          null,
          null,
          null,
          null,
          null,
          null,
          null,
          null,
          null,
          null,
          null,
          null,
          null,
          null,
          null,
          null,
          null,
          null,
          null
        ]
      }
    },
    "timestamp": 1586641718
  }
}
